Performing C SOURCE FILE Test CMAKE_HAVE_LIBC_PTHREAD failed with the following output:
Change Dir: D:/Codes/libde265/build/CMakeFiles/CMakeTmp

Run Build Command(s):C:/Program Files/Microsoft Visual Studio/2022/Community/MSBuild/Current/Bin/amd64/MSBuild.exe cmTC_779b8.vcxproj /p:Configuration=Debug /p:Platform=x64 /p:VisualStudioVersion=17.0 /v:m && MSBuild version 17.8.3+195e7f5a3 for .NET Framework

  Microsoft (R) C/C++ Optimizing Compiler Version 19.38.33133 for x64
  Copyright (C) Microsoft Corporation.  All rights reserved.
  cl /c /Zi /W3 /WX- /diagnostics:column /Od /Ob0 /D _MBCS /D WIN32 /D _WINDOWS /D CMAKE_HAVE_LIBC_PTHREAD /D "CMAKE_INTDIR=\"Debug\"" /Gm- /RTC1 /MDd /GS /fp:precise /Zc:wchar_t /Zc:forScope /Zc:inline /Fo"cmTC_779b8.dir\Debug\\" /Fd"cmTC_779b8.dir\Debug\vc143.pdb" /external:W3 /Gd /TC /errorReport:queue D:\Codes\libde265\build\CMakeFiles\CMakeTmp\src.c
  src.c
D:\Codes\libde265\build\CMakeFiles\CMakeTmp\src.c(1,10): error C1083: Cannot open include file: 'pthread.h': No such file or directory [D:\Codes\libde265\build\CMakeFiles\CMakeTmp\cmTC_779b8.vcxproj]


Source file was:
#include <pthread.h>

static void* test_func(void* data)
{
  return data;
}

int main(void)
{
  pthread_t thread;
  pthread_create(&thread, NULL, test_func, NULL);
  pthread_detach(thread);
  pthread_cancel(thread);
  pthread_join(thread, NULL);
  pthread_atfork(NULL, NULL, NULL);
  pthread_exit(NULL);

  return 0;
}

Determining if the function pthread_create exists in the pthreads failed with the following output:
Change Dir: D:/Codes/libde265/build/CMakeFiles/CMakeTmp

Run Build Command(s):C:/Program Files/Microsoft Visual Studio/2022/Community/MSBuild/Current/Bin/amd64/MSBuild.exe cmTC_d4f36.vcxproj /p:Configuration=Debug /p:Platform=x64 /p:VisualStudioVersion=17.0 /v:m && MSBuild version 17.8.3+195e7f5a3 for .NET Framework

  Microsoft (R) C/C++ Optimizing Compiler Version 19.38.33133 for x64
  Copyright (C) Microsoft Corporation.  All rights reserved.
  cl /c /Zi /W3 /WX- /diagnostics:column /Od /Ob0 /D _MBCS /D WIN32 /D _WINDOWS /D CHECK_FUNCTION_EXISTS=pthread_create /D "CMAKE_INTDIR=\"Debug\"" /Gm- /RTC1 /MDd /GS /fp:precise /Zc:wchar_t /Zc:forScope /Zc:inline /Fo"cmTC_d4f36.dir\Debug\\" /Fd"cmTC_d4f36.dir\Debug\vc143.pdb" /external:W3 /Gd /TC /errorReport:queue "C:\Users\HUNGKV\AppData\Local\Programs\Python\Python310\Lib\site-packages\cmake\data\share\cmake-3.24\Modules\CheckFunctionExists.c"
  CheckFunctionExists.c
LINK : fatal error LNK1104: cannot open file 'pthreads.lib' [D:\Codes\libde265\build\CMakeFiles\CMakeTmp\cmTC_d4f36.vcxproj]



Determining if the function pthread_create exists in the pthread failed with the following output:
Change Dir: D:/Codes/libde265/build/CMakeFiles/CMakeTmp

Run Build Command(s):C:/Program Files/Microsoft Visual Studio/2022/Community/MSBuild/Current/Bin/amd64/MSBuild.exe cmTC_1ba94.vcxproj /p:Configuration=Debug /p:Platform=x64 /p:VisualStudioVersion=17.0 /v:m && MSBuild version 17.8.3+195e7f5a3 for .NET Framework

  Microsoft (R) C/C++ Optimizing Compiler Version 19.38.33133 for x64
  Copyright (C) Microsoft Corporation.  All rights reserved.
  cl /c /Zi /W3 /WX- /diagnostics:column /Od /Ob0 /D _MBCS /D WIN32 /D _WINDOWS /D CHECK_FUNCTION_EXISTS=pthread_create /D "CMAKE_INTDIR=\"Debug\"" /Gm- /RTC1 /MDd /GS /fp:precise /Zc:wchar_t /Zc:forScope /Zc:inline /Fo"cmTC_1ba94.dir\Debug\\" /Fd"cmTC_1ba94.dir\Debug\vc143.pdb" /external:W3 /Gd /TC /errorReport:queue "C:\Users\HUNGKV\AppData\Local\Programs\Python\Python310\Lib\site-packages\cmake\data\share\cmake-3.24\Modules\CheckFunctionExists.c"
  CheckFunctionExists.c
LINK : fatal error LNK1104: cannot open file 'pthread.lib' [D:\Codes\libde265\build\CMakeFiles\CMakeTmp\cmTC_1ba94.vcxproj]



Determining if the function posix_memalign exists failed with the following output:
Change Dir: D:/Codes/libde265/build/CMakeFiles/CMakeTmp

Run Build Command(s):C:/Program Files/Microsoft Visual Studio/2022/Community/MSBuild/Current/Bin/amd64/MSBuild.exe cmTC_8f0e1.vcxproj /p:Configuration=Debug /p:Platform=x64 /p:VisualStudioVersion=17.0 /v:m && MSBuild version 17.8.3+195e7f5a3 for .NET Framework

  Microsoft (R) C/C++ Optimizing Compiler Version 19.38.33133 for x64
  Copyright (C) Microsoft Corporation.  All rights reserved.
  cl /c /Zi /W3 /WX- /diagnostics:column /Od /Ob0 /D _MBCS /D WIN32 /D _WINDOWS /D CHECK_FUNCTION_EXISTS=posix_memalign /D "CMAKE_INTDIR=\"Debug\"" /Gm- /RTC1 /MDd /GS /fp:precise /Zc:wchar_t /Zc:forScope /Zc:inline /Fo"cmTC_8f0e1.dir\Debug\\" /Fd"cmTC_8f0e1.dir\Debug\vc143.pdb" /external:W3 /Gd /TC /errorReport:queue "C:\Users\HUNGKV\AppData\Local\Programs\Python\Python310\Lib\site-packages\cmake\data\share\cmake-3.24\Modules\CheckFunctionExists.c"
  CheckFunctionExists.c
CheckFunctionExists.obj : error LNK2019: unresolved external symbol posix_memalign referenced in function main [D:\Codes\libde265\build\CMakeFiles\CMakeTmp\cmTC_8f0e1.vcxproj]
D:\Codes\libde265\build\CMakeFiles\CMakeTmp\Debug\cmTC_8f0e1.exe : fatal error LNK1120: 1 unresolved externals [D:\Codes\libde265\build\CMakeFiles\CMakeTmp\cmTC_8f0e1.vcxproj]



Determining if the _LIBCPP_VERSION exist failed with the following output:
Change Dir: D:/Codes/libde265/build/CMakeFiles/CMakeTmp

Run Build Command(s):C:/Program Files/Microsoft Visual Studio/2022/Community/MSBuild/Current/Bin/amd64/MSBuild.exe cmTC_e1af1.vcxproj /p:Configuration=Debug /p:Platform=x64 /p:VisualStudioVersion=17.0 /v:m && MSBuild version 17.8.3+195e7f5a3 for .NET Framework

  Microsoft (R) C/C++ Optimizing Compiler Version 19.38.33133 for x64
  Copyright (C) Microsoft Corporation.  All rights reserved.
  cl /c /Zi /W3 /WX- /diagnostics:column /Od /Ob0 /D _MBCS /D WIN32 /D _WINDOWS /D "CMAKE_INTDIR=\"Debug\"" /Gm- /EHsc /RTC1 /MDd /GS /fp:precise /Zc:wchar_t /Zc:forScope /Zc:inline /GR /Fo"cmTC_e1af1.dir\Debug\\" /Fd"cmTC_e1af1.dir\Debug\vc143.pdb" /external:W3 /Gd /TP /errorReport:queue D:\Codes\libde265\build\CMakeFiles\CMakeTmp\CheckSymbolExists.cxx
  CheckSymbolExists.cxx
D:\Codes\libde265\build\CMakeFiles\CMakeTmp\CheckSymbolExists.cxx(8,19): error C2065: '_LIBCPP_VERSION': undeclared identifier [D:\Codes\libde265\build\CMakeFiles\CMakeTmp\cmTC_e1af1.vcxproj]


File D:/Codes/libde265/build/CMakeFiles/CMakeTmp/CheckSymbolExists.cxx:
/* */
#include <cstdlib>

int main(int argc, char** argv)
{
  (void)argv;
#ifndef _LIBCPP_VERSION
  return ((int*)(&_LIBCPP_VERSION))[argc];
#else
  (void)argc;
  return 0;
#endif
}
